<?xml version="1.0" encoding="UTF-8"?>
<!-- Generated by org.testng.reporters.JUnitXMLReporter -->
<testsuite ignored="0" hostname="DESKTOP-HTHQM71" failures="0" tests="10" name="Tests_RestApi" time="43.062" errors="0" timestamp="2025-10-25T21:38:33 IST">
  <testcase classname="com.RestapiProject.TelecomP" name="addNewUser" time="11.699"/>
  <testcase classname="com.RestapiProject.TelecomP" name="getUserProfile" time="1.913"/>
  <testcase classname="com.RestapiProject.TelecomP" name="updateUser" time="8.119"/>
  <testcase classname="com.RestapiProject.TelecomP" name="loginUser" time="2.68"/>
  <testcase classname="com.RestapiProject.TelecomP" name="addContact" time="1.388"/>
  <testcase classname="com.RestapiProject.TelecomP" name="getContactList" time="2.667"/>
  <testcase classname="com.RestapiProject.TelecomP" name="getContact" time="1.469"/>
  <testcase classname="com.RestapiProject.TelecomP" name="updateContact" time="9.543"/>
  <testcase classname="com.RestapiProject.TelecomP" name="updateContactPartial" time="1.909"/>
  <testcase classname="com.RestapiProject.TelecomP" name="logoutUser" time="1.436"/>
</testsuite> <!-- Tests_RestApi -->
