<?xml version="1.0" encoding="UTF-8"?>
<testng-results ignored="0" total="10" passed="10" failed="0" skipped="0">
  <reporter-output>
  </reporter-output>
  <suite started-at="2025-10-25T21:37:50 IST" name="TelecomProjectSuite" finished-at="2025-10-25T21:38:33 IST" duration-ms="43062">
    <groups>
    </groups>
    <test started-at="2025-10-25T21:37:50 IST" name="Tests_RestApi" finished-at="2025-10-25T21:38:33 IST" duration-ms="43062">
      <class name="com.RestapiProject.TelecomP">
        <test-method signature="addNewUser()[pri:1, instance:com.RestapiProject.TelecomP@5b12b668]" started-at="2025-10-25T21:37:50 IST" name="addNewUser" finished-at="2025-10-25T21:38:02 IST" duration-ms="11699" status="PASS">
          <reporter-output>
          </reporter-output>
        </test-method> <!-- addNewUser -->
        <test-method signature="getUserProfile()[pri:2, instance:com.RestapiProject.TelecomP@5b12b668]" started-at="2025-10-25T21:38:02 IST" name="getUserProfile" finished-at="2025-10-25T21:38:03 IST" duration-ms="1913" status="PASS">
          <reporter-output>
          </reporter-output>
        </test-method> <!-- getUserProfile -->
        <test-method signature="updateUser()[pri:3, instance:com.RestapiProject.TelecomP@5b12b668]" started-at="2025-10-25T21:38:03 IST" name="updateUser" finished-at="2025-10-25T21:38:12 IST" duration-ms="8119" status="PASS">
          <reporter-output>
          </reporter-output>
        </test-method> <!-- updateUser -->
        <test-method signature="loginUser()[pri:4, instance:com.RestapiProject.TelecomP@5b12b668]" started-at="2025-10-25T21:38:12 IST" name="loginUser" finished-at="2025-10-25T21:38:14 IST" duration-ms="2680" status="PASS">
          <reporter-output>
          </reporter-output>
        </test-method> <!-- loginUser -->
        <test-method signature="addContact()[pri:5, instance:com.RestapiProject.TelecomP@5b12b668]" started-at="2025-10-25T21:38:14 IST" name="addContact" finished-at="2025-10-25T21:38:16 IST" duration-ms="1388" status="PASS">
          <reporter-output>
          </reporter-output>
        </test-method> <!-- addContact -->
        <test-method signature="getContactList()[pri:6, instance:com.RestapiProject.TelecomP@5b12b668]" started-at="2025-10-25T21:38:16 IST" name="getContactList" finished-at="2025-10-25T21:38:18 IST" duration-ms="2667" status="PASS">
          <reporter-output>
          </reporter-output>
        </test-method> <!-- getContactList -->
        <test-method signature="getContact()[pri:7, instance:com.RestapiProject.TelecomP@5b12b668]" started-at="2025-10-25T21:38:18 IST" name="getContact" finished-at="2025-10-25T21:38:20 IST" duration-ms="1469" status="PASS">
          <reporter-output>
          </reporter-output>
        </test-method> <!-- getContact -->
        <test-method signature="updateContact()[pri:8, instance:com.RestapiProject.TelecomP@5b12b668]" started-at="2025-10-25T21:38:20 IST" name="updateContact" finished-at="2025-10-25T21:38:29 IST" duration-ms="9543" status="PASS">
          <reporter-output>
          </reporter-output>
        </test-method> <!-- updateContact -->
        <test-method signature="updateContactPartial()[pri:9, instance:com.RestapiProject.TelecomP@5b12b668]" started-at="2025-10-25T21:38:29 IST" name="updateContactPartial" finished-at="2025-10-25T21:38:31 IST" duration-ms="1909" status="PASS">
          <reporter-output>
          </reporter-output>
        </test-method> <!-- updateContactPartial -->
        <test-method signature="logoutUser()[pri:10, instance:com.RestapiProject.TelecomP@5b12b668]" started-at="2025-10-25T21:38:31 IST" name="logoutUser" finished-at="2025-10-25T21:38:33 IST" duration-ms="1436" status="PASS">
          <reporter-output>
          </reporter-output>
        </test-method> <!-- logoutUser -->
      </class> <!-- com.RestapiProject.TelecomP -->
    </test> <!-- Tests_RestApi -->
  </suite> <!-- TelecomProjectSuite -->
</testng-results>
