<?xml version="1.0" encoding="UTF-8"?>
<!-- Generated by org.testng.reporters.JUnitXMLReporter -->
<testsuite ignored="0" hostname="DESKTOP-HTHQM71" failures="0" tests="11" name="BStackDemo_Tests" time="93.292" errors="0" timestamp="2025-10-24T08:32:07 IST">
  <testcase classname="tests.Logintest" name="valid" time="6.822"/>
  <testcase classname="tests.Logintest" name="invalid" time="6.688"/>
  <testcase classname="tests.Logintest" name="empty" time="7.064"/>
  <testcase classname="tests.Carttest" name="login" time="6.168"/>
  <testcase classname="tests.Carttest" name="addingMul" time="1.542"/>
  <testcase classname="tests.Carttest" name="remove" time="3.446"/>
  <testcase classname="tests.Carttest" name="verifyCartCount" time="0.23"/>
  <testcase classname="tests.Checkouttest" name="login" time="6.242"/>
  <testcase classname="tests.Checkouttest" name="productsearch" time="5.594"/>
  <testcase classname="tests.Checkouttest" name="addtocart" time="1.243"/>
  <testcase classname="tests.Checkouttest" name="checkout" time="7.185"/>
</testsuite> <!-- BStackDemo_Tests -->
