<?xml version="1.0" encoding="UTF-8"?>
<!-- Generated by org.testng.reporters.JUnitXMLReporter -->
<testsuite ignored="0" hostname="DESKTOP-HTHQM71" failures="0" tests="4" name="Default test" time="27.826" errors="0" timestamp="2025-10-24T08:18:45 IST">
  <testcase classname="tests.Checkouttest" name="login" time="6.586"/>
  <testcase classname="tests.Checkouttest" name="productsearch" time="5.464"/>
  <testcase classname="tests.Checkouttest" name="addtocart" time="1.41"/>
  <testcase classname="tests.Checkouttest" name="checkout" time="8.036"/>
</testsuite> <!-- Default test -->
