<?xml version="1.0" encoding="UTF-8"?>
<!-- Generated by org.testng.reporters.JUnitReportReporter -->
<testsuite hostname="DESKTOP-HTHQM71" failures="0" tests="4" name="tests.Carttest" time="11.386" errors="0" timestamp="2025-10-24T08:32:07 IST" skipped="0">
  <testcase classname="tests.Carttest" name="login" time="6.168"/>
  <testcase classname="tests.Carttest" name="addingMul" time="1.542"/>
  <testcase classname="tests.Carttest" name="remove" time="3.446"/>
  <testcase classname="tests.Carttest" name="verifyCartCount" time="0.230"/>
</testsuite> <!-- tests.Carttest -->
