<?xml version="1.0" encoding="UTF-8"?>
<!-- Generated by org.testng.reporters.JUnitReportReporter -->
<testsuite hostname="DESKTOP-HTHQM71" failures="0" tests="3" name="tests.Logintest" time="25.170" errors="0" timestamp="2025-10-24T08:32:07 IST" skipped="0">
  <testcase classname="tests.Logintest" name="valid" time="8.688"/>
  <testcase classname="tests.Logintest" name="invalid" time="8.058"/>
  <testcase classname="tests.Logintest" name="empty" time="8.424"/>
</testsuite> <!-- tests.Logintest -->
