<?xml version="1.0" encoding="UTF-8"?>
<!-- Generated by org.testng.reporters.JUnitReportReporter -->
<testsuite hostname="DESKTOP-HTHQM71" failures="0" tests="4" name="tests.Checkouttest" time="20.264" errors="0" timestamp="2025-10-24T08:32:07 IST" skipped="0">
  <testcase classname="tests.Checkouttest" name="login" time="6.242"/>
  <testcase classname="tests.Checkouttest" name="productsearch" time="5.594"/>
  <testcase classname="tests.Checkouttest" name="addtocart" time="1.243"/>
  <testcase classname="tests.Checkouttest" name="checkout" time="7.185"/>
</testsuite> <!-- tests.Checkouttest -->
